Step1. Parameter auto tuning start, using algorithm = hord.

Step2. AI Engine is ready.

Step3. Run benchmark as baseline:

	[Requests_sec]	(weight: 100.0)	average scores = 56029.301

Step4. Start tuning, total iteration is 100.

[Iteration 1] Benchmark result: 
	[Requests_sec]	(weight: 100.0)	average scores = 52271.430
[Iteration 2] Benchmark result: 
	[Requests_sec]	(weight: 100.0)	average scores = 56093.262
   Current optimal iteration: [Iteration 2] 
	[Requests_sec]	Improved by 0.114%

[Iteration 3] Benchmark result: 
	[Requests_sec]	(weight: 100.0)	average scores = 50650.070
   Current optimal iteration: [Iteration 2] 
	[Requests_sec]	Improved by 0.114%

[Iteration 4] Benchmark result: 
	[Requests_sec]	(weight: 100.0)	average scores = 51193.969
   Current optimal iteration: [Iteration 2] 
	[Requests_sec]	Improved by 0.114%

[Iteration 5] Benchmark result: 
	[Requests_sec]	(weight: 100.0)	average scores = 52295.039
   Current optimal iteration: [Iteration 2] 
	[Requests_sec]	Improved by 0.114%

[Iteration 6] Benchmark result: 
	[Requests_sec]	(weight: 100.0)	average scores = 49990.941
   Current optimal iteration: [Iteration 2] 
	[Requests_sec]	Improved by 0.114%

[Iteration 7] Benchmark result: 
	[Requests_sec]	(weight: 100.0)	average scores = 51242.262
   Current optimal iteration: [Iteration 2] 
	[Requests_sec]	Improved by 0.114%

[Iteration 8] Benchmark result: 
	[Requests_sec]	(weight: 100.0)	average scores = 56096.449
   Current optimal iteration: [Iteration 8] 
	[Requests_sec]	Improved by 0.120%

[Iteration 9] Benchmark result: 
	[Requests_sec]	(weight: 100.0)	average scores = 50471.020
   Current optimal iteration: [Iteration 8] 
	[Requests_sec]	Improved by 0.120%

[Iteration 10] Benchmark result: 
	[Requests_sec]	(weight: 100.0)	average scores = 56228.898
   Current optimal iteration: [Iteration 10] 
	[Requests_sec]	Improved by 0.356%

[Iteration 11] Benchmark result: 
	[Requests_sec]	(weight: 100.0)	average scores = 52286.230
   Current optimal iteration: [Iteration 10] 
	[Requests_sec]	Improved by 0.356%

[Iteration 12] Benchmark result: 
	[Requests_sec]	(weight: 100.0)	average scores = 56225.680
   Current optimal iteration: [Iteration 10] 
	[Requests_sec]	Improved by 0.356%

[Iteration 13] Benchmark result: 
	[Requests_sec]	(weight: 100.0)	average scores = 56213.500
   Current optimal iteration: [Iteration 10] 
	[Requests_sec]	Improved by 0.356%

[Iteration 14] Benchmark result: 
	[Requests_sec]	(weight: 100.0)	average scores = 41111.500
   Current optimal iteration: [Iteration 10] 
	[Requests_sec]	Improved by 0.356%

[Iteration 15] Benchmark result: 
	[Requests_sec]	(weight: 100.0)	average scores = 52394.500
   Current optimal iteration: [Iteration 10] 
	[Requests_sec]	Improved by 0.356%

[Iteration 16] Benchmark result: 
	[Requests_sec]	(weight: 100.0)	average scores = 13333.680
   Current optimal iteration: [Iteration 10] 
	[Requests_sec]	Improved by 0.356%

[Iteration 17] Benchmark result: 
	[Requests_sec]	(weight: 100.0)	average scores = 56131.949
   Current optimal iteration: [Iteration 10] 
	[Requests_sec]	Improved by 0.356%

[Iteration 18] Benchmark result: 
	[Requests_sec]	(weight: 100.0)	average scores = 56176.500
   Current optimal iteration: [Iteration 10] 
	[Requests_sec]	Improved by 0.356%

[Iteration 19] Benchmark result: 
	[Requests_sec]	(weight: 100.0)	average scores = 56196.871
   Current optimal iteration: [Iteration 10] 
	[Requests_sec]	Improved by 0.356%

[Iteration 20] Benchmark result: 
	[Requests_sec]	(weight: 100.0)	average scores = 51490.820
   Current optimal iteration: [Iteration 10] 
	[Requests_sec]	Improved by 0.356%

[Iteration 21] Benchmark result: 
	[Requests_sec]	(weight: 100.0)	average scores = 49701.781
   Current optimal iteration: [Iteration 10] 
	[Requests_sec]	Improved by 0.356%

[Iteration 22] Benchmark result: 
	[Requests_sec]	(weight: 100.0)	average scores = 56198.340
   Current optimal iteration: [Iteration 10] 
	[Requests_sec]	Improved by 0.356%

[Iteration 23] Benchmark result: 
	[Requests_sec]	(weight: 100.0)	average scores = 52080.000
   Current optimal iteration: [Iteration 10] 
	[Requests_sec]	Improved by 0.356%

[Iteration 24] Benchmark result: 
	[Requests_sec]	(weight: 100.0)	average scores = 50872.699
   Current optimal iteration: [Iteration 10] 
	[Requests_sec]	Improved by 0.356%

[Iteration 25] Benchmark result: 
	[Requests_sec]	(weight: 100.0)	average scores = 49978.480
   Current optimal iteration: [Iteration 10] 
	[Requests_sec]	Improved by 0.356%

[Iteration 26] Benchmark result: 
	[Requests_sec]	(weight: 100.0)	average scores = 52192.809
   Current optimal iteration: [Iteration 10] 
	[Requests_sec]	Improved by 0.356%

[Iteration 27] Benchmark result: 
	[Requests_sec]	(weight: 100.0)	average scores = 49564.570
   Current optimal iteration: [Iteration 10] 
	[Requests_sec]	Improved by 0.356%

[Iteration 28] Benchmark result: 
	[Requests_sec]	(weight: 100.0)	average scores = 51124.410
   Current optimal iteration: [Iteration 10] 
	[Requests_sec]	Improved by 0.356%

[Iteration 29] Benchmark result: 
	[Requests_sec]	(weight: 100.0)	average scores = 52255.051
   Current optimal iteration: [Iteration 10] 
	[Requests_sec]	Improved by 0.356%

[Iteration 30] Benchmark result: 
	[Requests_sec]	(weight: 100.0)	average scores = 41524.648
   Current optimal iteration: [Iteration 10] 
	[Requests_sec]	Improved by 0.356%

[Iteration 31] Benchmark result: 
	[Requests_sec]	(weight: 100.0)	average scores = 50917.578
   Current optimal iteration: [Iteration 10] 
	[Requests_sec]	Improved by 0.356%

[Iteration 32] Benchmark result: 
	[Requests_sec]	(weight: 100.0)	average scores = 52410.609
   Current optimal iteration: [Iteration 10] 
	[Requests_sec]	Improved by 0.356%

[Iteration 33] Benchmark result: 
	[Requests_sec]	(weight: 100.0)	average scores = 52354.020
   Current optimal iteration: [Iteration 10] 
	[Requests_sec]	Improved by 0.356%

[Iteration 34] Benchmark result: 
	[Requests_sec]	(weight: 100.0)	average scores = 52396.398
   Current optimal iteration: [Iteration 10] 
	[Requests_sec]	Improved by 0.356%

[Iteration 35] Benchmark result: 
	[Requests_sec]	(weight: 100.0)	average scores = 50173.141
   Current optimal iteration: [Iteration 10] 
	[Requests_sec]	Improved by 0.356%

[Iteration 36] Benchmark result: 
	[Requests_sec]	(weight: 100.0)	average scores = 50028.090
   Current optimal iteration: [Iteration 10] 
	[Requests_sec]	Improved by 0.356%

[Iteration 37] Benchmark result: 
	[Requests_sec]	(weight: 100.0)	average scores = 50345.340
   Current optimal iteration: [Iteration 10] 
	[Requests_sec]	Improved by 0.356%

[Iteration 38] Benchmark result: 
	[Requests_sec]	(weight: 100.0)	average scores = 48806.711
   Current optimal iteration: [Iteration 10] 
	[Requests_sec]	Improved by 0.356%

[Iteration 39] Benchmark result: 
	[Requests_sec]	(weight: 100.0)	average scores = 52158.281
   Current optimal iteration: [Iteration 10] 
	[Requests_sec]	Improved by 0.356%

[Iteration 40] Benchmark result: 
	[Requests_sec]	(weight: 100.0)	average scores = 50162.621
   Current optimal iteration: [Iteration 10] 
	[Requests_sec]	Improved by 0.356%

[Iteration 41] Benchmark result: 
	[Requests_sec]	(weight: 100.0)	average scores = 50812.172
   Current optimal iteration: [Iteration 10] 
	[Requests_sec]	Improved by 0.356%

[Iteration 42] Benchmark result: 
	[Requests_sec]	(weight: 100.0)	average scores = 50333.840
   Current optimal iteration: [Iteration 10] 
	[Requests_sec]	Improved by 0.356%

[Iteration 43] Benchmark result: 
	[Requests_sec]	(weight: 100.0)	average scores = 52377.320
   Current optimal iteration: [Iteration 10] 
	[Requests_sec]	Improved by 0.356%

[Iteration 44] Benchmark result: 
	[Requests_sec]	(weight: 100.0)	average scores = 52382.121
   Current optimal iteration: [Iteration 10] 
	[Requests_sec]	Improved by 0.356%

[Iteration 45] Benchmark result: 
	[Requests_sec]	(weight: 100.0)	average scores = 56165.699
   Current optimal iteration: [Iteration 10] 
	[Requests_sec]	Improved by 0.356%

[Iteration 46] Benchmark result: 
	[Requests_sec]	(weight: 100.0)	average scores = 52395.422
   Current optimal iteration: [Iteration 10] 
	[Requests_sec]	Improved by 0.356%

[Iteration 47] Benchmark result: 
	[Requests_sec]	(weight: 100.0)	average scores = 56220.520
   Current optimal iteration: [Iteration 10] 
	[Requests_sec]	Improved by 0.356%

[Iteration 48] Benchmark result: 
	[Requests_sec]	(weight: 100.0)	average scores = 51301.238
   Current optimal iteration: [Iteration 10] 
	[Requests_sec]	Improved by 0.356%

[Iteration 49] Benchmark result: 
	[Requests_sec]	(weight: 100.0)	average scores = 50987.441
   Current optimal iteration: [Iteration 10] 
	[Requests_sec]	Improved by 0.356%

[Iteration 50] Benchmark result: 
	[Requests_sec]	(weight: 100.0)	average scores = 56113.738
   Current optimal iteration: [Iteration 10] 
	[Requests_sec]	Improved by 0.356%

[Iteration 51] Benchmark result: 
	[Requests_sec]	(weight: 100.0)	average scores = 52292.172
   Current optimal iteration: [Iteration 10] 
	[Requests_sec]	Improved by 0.356%

[Iteration 52] Benchmark result: 
	[Requests_sec]	(weight: 100.0)	average scores = 49197.160
   Current optimal iteration: [Iteration 10] 
	[Requests_sec]	Improved by 0.356%

[Iteration 53] Benchmark result: 
	[Requests_sec]	(weight: 100.0)	average scores = 51104.379
   Current optimal iteration: [Iteration 10] 
	[Requests_sec]	Improved by 0.356%

[Iteration 54] Benchmark result: 
	[Requests_sec]	(weight: 100.0)	average scores = 50716.578
   Current optimal iteration: [Iteration 10] 
	[Requests_sec]	Improved by 0.356%

[Iteration 55] Benchmark result: 
	[Requests_sec]	(weight: 100.0)	average scores = 55488.719
   Current optimal iteration: [Iteration 10] 
	[Requests_sec]	Improved by 0.356%

[Iteration 56] Benchmark result: 
	[Requests_sec]	(weight: 100.0)	average scores = 55507.301
   Current optimal iteration: [Iteration 10] 
	[Requests_sec]	Improved by 0.356%

[Iteration 57] Benchmark result: 
	[Requests_sec]	(weight: 100.0)	average scores = 55709.301
   Current optimal iteration: [Iteration 10] 
	[Requests_sec]	Improved by 0.356%

[Iteration 58] Benchmark result: 
	[Requests_sec]	(weight: 100.0)	average scores = 55590.621
   Current optimal iteration: [Iteration 10] 
	[Requests_sec]	Improved by 0.356%

[Iteration 59] Benchmark result: 
	[Requests_sec]	(weight: 100.0)	average scores = 55524.059
   Current optimal iteration: [Iteration 10] 
	[Requests_sec]	Improved by 0.356%

[Iteration 60] Benchmark result: 
	[Requests_sec]	(weight: 100.0)	average scores = 55640.219
   Current optimal iteration: [Iteration 10] 
	[Requests_sec]	Improved by 0.356%

[Iteration 61] Benchmark result: 
	[Requests_sec]	(weight: 100.0)	average scores = 55798.230
   Current optimal iteration: [Iteration 10] 
	[Requests_sec]	Improved by 0.356%

[Iteration 62] Benchmark result: 
	[Requests_sec]	(weight: 100.0)	average scores = 55591.898
   Current optimal iteration: [Iteration 10] 
	[Requests_sec]	Improved by 0.356%

[Iteration 63] Benchmark result: 
	[Requests_sec]	(weight: 100.0)	average scores = 55613.539
   Current optimal iteration: [Iteration 10] 
	[Requests_sec]	Improved by 0.356%

[Iteration 64] Benchmark result: 
	[Requests_sec]	(weight: 100.0)	average scores = 55623.320
   Current optimal iteration: [Iteration 10] 
	[Requests_sec]	Improved by 0.356%

[Iteration 65] Benchmark result: 
	[Requests_sec]	(weight: 100.0)	average scores = 55575.359
   Current optimal iteration: [Iteration 10] 
	[Requests_sec]	Improved by 0.356%

[Iteration 66] Benchmark result: 
	[Requests_sec]	(weight: 100.0)	average scores = 55581.602
   Current optimal iteration: [Iteration 10] 
	[Requests_sec]	Improved by 0.356%

[Iteration 67] Benchmark result: 
	[Requests_sec]	(weight: 100.0)	average scores = 55499.898
   Current optimal iteration: [Iteration 10] 
	[Requests_sec]	Improved by 0.356%

[Iteration 68] Benchmark result: 
	[Requests_sec]	(weight: 100.0)	average scores = 55574.770
   Current optimal iteration: [Iteration 10] 
	[Requests_sec]	Improved by 0.356%

[Iteration 69] Benchmark result: 
	[Requests_sec]	(weight: 100.0)	average scores = 55578.180
   Current optimal iteration: [Iteration 10] 
	[Requests_sec]	Improved by 0.356%

[Iteration 70] Benchmark result: 
	[Requests_sec]	(weight: 100.0)	average scores = 55582.109
   Current optimal iteration: [Iteration 10] 
	[Requests_sec]	Improved by 0.356%

[Iteration 71] Benchmark result: 
	[Requests_sec]	(weight: 100.0)	average scores = 55622.262
   Current optimal iteration: [Iteration 10] 
	[Requests_sec]	Improved by 0.356%

[Iteration 72] Benchmark result: 
	[Requests_sec]	(weight: 100.0)	average scores = 55615.738
   Current optimal iteration: [Iteration 10] 
	[Requests_sec]	Improved by 0.356%

[Iteration 73] Benchmark result: 
	[Requests_sec]	(weight: 100.0)	average scores = 55426.609
   Current optimal iteration: [Iteration 10] 
	[Requests_sec]	Improved by 0.356%

[Iteration 74] Benchmark result: 
	[Requests_sec]	(weight: 100.0)	average scores = 55548.660
   Current optimal iteration: [Iteration 10] 
	[Requests_sec]	Improved by 0.356%

[Iteration 75] Benchmark result: 
	[Requests_sec]	(weight: 100.0)	average scores = 55587.480
   Current optimal iteration: [Iteration 10] 
	[Requests_sec]	Improved by 0.356%

[Iteration 76] Benchmark result: 
	[Requests_sec]	(weight: 100.0)	average scores = 55605.000
   Current optimal iteration: [Iteration 10] 
	[Requests_sec]	Improved by 0.356%

[Iteration 77] Benchmark result: 
	[Requests_sec]	(weight: 100.0)	average scores = 55691.500
   Current optimal iteration: [Iteration 10] 
	[Requests_sec]	Improved by 0.356%

[Iteration 78] Benchmark result: 
	[Requests_sec]	(weight: 100.0)	average scores = 55541.641
   Current optimal iteration: [Iteration 10] 
	[Requests_sec]	Improved by 0.356%

[Iteration 79] Benchmark result: 
	[Requests_sec]	(weight: 100.0)	average scores = 55560.809
   Current optimal iteration: [Iteration 10] 
	[Requests_sec]	Improved by 0.356%

[Iteration 80] Benchmark result: 
	[Requests_sec]	(weight: 100.0)	average scores = 55412.891
   Current optimal iteration: [Iteration 10] 
	[Requests_sec]	Improved by 0.356%

[Iteration 81] Benchmark result: 
	[Requests_sec]	(weight: 100.0)	average scores = 55538.121
   Current optimal iteration: [Iteration 10] 
	[Requests_sec]	Improved by 0.356%

[Iteration 82] Benchmark result: 
	[Requests_sec]	(weight: 100.0)	average scores = 55528.160
   Current optimal iteration: [Iteration 10] 
	[Requests_sec]	Improved by 0.356%

[Iteration 83] Benchmark result: 
	[Requests_sec]	(weight: 100.0)	average scores = 55453.230
   Current optimal iteration: [Iteration 10] 
	[Requests_sec]	Improved by 0.356%

[Iteration 84] Benchmark result: 
	[Requests_sec]	(weight: 100.0)	average scores = 55569.051
   Current optimal iteration: [Iteration 10] 
	[Requests_sec]	Improved by 0.356%

[Iteration 85] Benchmark result: 
	[Requests_sec]	(weight: 100.0)	average scores = 55436.539
   Current optimal iteration: [Iteration 10] 
	[Requests_sec]	Improved by 0.356%

[Iteration 86] Benchmark result: 
	[Requests_sec]	(weight: 100.0)	average scores = 55528.629
   Current optimal iteration: [Iteration 10] 
	[Requests_sec]	Improved by 0.356%

[Iteration 87] Benchmark result: 
	[Requests_sec]	(weight: 100.0)	average scores = 55665.180
   Current optimal iteration: [Iteration 10] 
	[Requests_sec]	Improved by 0.356%

[Iteration 88] Benchmark result: 
	[Requests_sec]	(weight: 100.0)	average scores = 55588.270
   Current optimal iteration: [Iteration 10] 
	[Requests_sec]	Improved by 0.356%

[Iteration 89] Benchmark result: 
	[Requests_sec]	(weight: 100.0)	average scores = 55575.570
   Current optimal iteration: [Iteration 10] 
	[Requests_sec]	Improved by 0.356%

[Iteration 90] Benchmark result: 
	[Requests_sec]	(weight: 100.0)	average scores = 55467.691
   Current optimal iteration: [Iteration 10] 
	[Requests_sec]	Improved by 0.356%

[Iteration 91] Benchmark result: 
	[Requests_sec]	(weight: 100.0)	average scores = 55488.191
   Current optimal iteration: [Iteration 10] 
	[Requests_sec]	Improved by 0.356%

[Iteration 92] Benchmark result: 
	[Requests_sec]	(weight: 100.0)	average scores = 55477.281
   Current optimal iteration: [Iteration 10] 
	[Requests_sec]	Improved by 0.356%

[Iteration 93] Benchmark result: 
	[Requests_sec]	(weight: 100.0)	average scores = 55576.059
   Current optimal iteration: [Iteration 10] 
	[Requests_sec]	Improved by 0.356%

[Iteration 94] Benchmark result: 
	[Requests_sec]	(weight: 100.0)	average scores = 55533.781
   Current optimal iteration: [Iteration 10] 
	[Requests_sec]	Improved by 0.356%

[Iteration 95] Benchmark result: 
	[Requests_sec]	(weight: 100.0)	average scores = 55478.730
   Current optimal iteration: [Iteration 10] 
	[Requests_sec]	Improved by 0.356%

[Iteration 96] Benchmark result: 
	[Requests_sec]	(weight: 100.0)	average scores = 55611.020
   Current optimal iteration: [Iteration 10] 
	[Requests_sec]	Improved by 0.356%

[Iteration 97] Benchmark result: 
	[Requests_sec]	(weight: 100.0)	average scores = 55585.172
   Current optimal iteration: [Iteration 10] 
	[Requests_sec]	Improved by 0.356%

[Iteration 98] Benchmark result: 
	[Requests_sec]	(weight: 100.0)	average scores = 55552.922
   Current optimal iteration: [Iteration 10] 
	[Requests_sec]	Improved by 0.356%

[Iteration 99] Benchmark result: 
	[Requests_sec]	(weight: 100.0)	average scores = 55532.680
   Current optimal iteration: [Iteration 10] 
	[Requests_sec]	Improved by 0.356%

[Iteration 100] Benchmark result: 
	[Requests_sec]	(weight: 100.0)	average scores = 56287.211
   Current optimal iteration: [Iteration 100] 
	[Requests_sec]	Improved by 0.460%

Step5. Best configuration dump to [/var/keentune/parameter/http_short_hord_sequence_0110/http_short_hord_sequence_0110_best.json] successfully.

Step6. Tuning is finished, checking benchmark score of best configuration.

[BEST] Benchmark result: 
	[Requests_sec]	(weight: 100.0)	average scores = 56315.309

[BEST] Tuning improvement: 
	[Requests_sec]	Improved by 0.510%

